<?xml version="1.0" encoding="UTF-8"?>
<testsuite name="com.mygdx.game.world.WorldSystemTest" tests="1" skipped="0" failures="0" errors="0" timestamp="2022-05-30T22:57:47" hostname="Johns-MBP.lan" time="0.02">
  <properties/>
  <testcase name="throwsOnAddAttempt" classname="com.mygdx.game.world.WorldSystemTest" time="0.02"/>
  <system-out><![CDATA[]]></system-out>
  <system-err><![CDATA[]]></system-err>
</testsuite>
