<?xml version="1.0" encoding="UTF-8"?>
<testsuite name="com.game.world.WorldSystemTest" tests="1" skipped="0" failures="0" errors="0" timestamp="2022-06-07T22:39:15" hostname="Johns-MBP.lan" time="0.009">
  <properties/>
  <testcase name="frictionScalar" classname="com.game.world.WorldSystemTest" time="0.009"/>
  <system-out><![CDATA[]]></system-out>
  <system-err><![CDATA[]]></system-err>
</testsuite>
