<?xml version="1.0" encoding="UTF-8"?>
<testsuite name="com.game.core.EntityTest" tests="4" skipped="0" failures="0" errors="0" timestamp="2022-06-05T23:14:22" hostname="Johns-MBP.lan" time="0.009">
  <properties/>
  <testcase name="failToAddComponent" classname="com.game.core.EntityTest" time="0.009"/>
  <testcase name="successfullyAddComponents" classname="com.game.core.EntityTest" time="0.0"/>
  <testcase name="componentEquality" classname="com.game.core.EntityTest" time="0.0"/>
  <testcase name="componentInequality" classname="com.game.core.EntityTest" time="0.0"/>
  <system-out><![CDATA[]]></system-out>
  <system-err><![CDATA[]]></system-err>
</testsuite>
