<?xml version="1.0" encoding="UTF-8"?>
<testsuite name="com.game.world.ContactTest" tests="8" skipped="0" failures="0" errors="0" timestamp="2022-06-05T23:14:23" hostname="Johns-MBP.lan" time="0.004">
  <properties/>
  <testcase name="acceptMask1" classname="com.game.world.ContactTest" time="0.002"/>
  <testcase name="acceptMask2" classname="com.game.world.ContactTest" time="0.0"/>
  <testcase name="equality1" classname="com.game.world.ContactTest" time="0.0"/>
  <testcase name="equality2" classname="com.game.world.ContactTest" time="0.0"/>
  <testcase name="inequality1" classname="com.game.world.ContactTest" time="0.0"/>
  <testcase name="inequality2" classname="com.game.world.ContactTest" time="0.0"/>
  <testcase name="rejectMask1" classname="com.game.world.ContactTest" time="0.0"/>
  <testcase name="rejectMask2" classname="com.game.world.ContactTest" time="0.0"/>
  <system-out><![CDATA[]]></system-out>
  <system-err><![CDATA[]]></system-err>
</testsuite>
