<?xml version="1.0" encoding="UTF-8"?>
<testsuite name="com.mygdx.game.screens.game.RoomsGameCameraManagerTest" tests="4" skipped="0" failures="0" errors="0" timestamp="2022-06-02T02:49:47" hostname="Johns-MBP.lan" time="0.053">
  <properties/>
  <testcase name="transitionRight" classname="com.mygdx.game.screens.game.RoomsGameCameraManagerTest" time="0.011"/>
  <testcase name="fromInBoundsToOutOfBounds" classname="com.mygdx.game.screens.game.RoomsGameCameraManagerTest" time="0.001"/>
  <testcase name="snapToGameRoom" classname="com.mygdx.game.screens.game.RoomsGameCameraManagerTest" time="0.001"/>
  <testcase name="focusableCentered" classname="com.mygdx.game.screens.game.RoomsGameCameraManagerTest" time="0.001"/>
  <system-out><![CDATA[]]></system-out>
  <system-err><![CDATA[]]></system-err>
</testsuite>
