<?xml version="1.0" encoding="UTF-8"?>
<testsuite name="com.game.screens.levels.LevelCameraManagerTest" tests="4" skipped="0" failures="0" errors="0" timestamp="2022-06-05T23:14:23" hostname="Johns-MBP.lan" time="0.069">
  <properties/>
  <testcase name="transitionRight" classname="com.game.screens.levels.LevelCameraManagerTest" time="0.014"/>
  <testcase name="fromInBoundsToOutOfBounds" classname="com.game.screens.levels.LevelCameraManagerTest" time="0.001"/>
  <testcase name="snapToGameRoom" classname="com.game.screens.levels.LevelCameraManagerTest" time="0.0"/>
  <testcase name="focusableCentered" classname="com.game.screens.levels.LevelCameraManagerTest" time="0.001"/>
  <system-out><![CDATA[]]></system-out>
  <system-err><![CDATA[]]></system-err>
</testsuite>
