<?xml version="1.0" encoding="UTF-8"?>
<testsuite name="com.game.core.SystemTest" tests="5" skipped="0" failures="0" errors="0" timestamp="2022-06-05T23:14:22" hostname="Johns-MBP.lan" time="0.179">
  <properties/>
  <testcase name="entityQualifiesMembership" classname="com.game.core.SystemTest" time="0.001"/>
  <testcase name="entityQueuedToBeAdded" classname="com.game.core.SystemTest" time="0.174"/>
  <testcase name="entityQueuedToBeDeleted" classname="com.game.core.SystemTest" time="0.001"/>
  <testcase name="processEntity" classname="com.game.core.SystemTest" time="0.003"/>
  <testcase name="entityDoesNotQualityMembership" classname="com.game.core.SystemTest" time="0.0"/>
  <system-out><![CDATA[]]></system-out>
  <system-err><![CDATA[]]></system-err>
</testsuite>
