<?xml version="1.0" encoding="UTF-8"?>
<testsuite name="com.mygdx.game.screens.game.RoomsGameCameraManagerTest" tests="4" skipped="0" failures="0" errors="0" timestamp="2022-06-05T02:19:40" hostname="Johns-MBP.lan" time="0.067">
  <properties/>
  <testcase name="transitionRight" classname="com.mygdx.game.screens.game.RoomsGameCameraManagerTest" time="0.014"/>
  <testcase name="fromInBoundsToOutOfBounds" classname="com.mygdx.game.screens.game.RoomsGameCameraManagerTest" time="0.002"/>
  <testcase name="snapToGameRoom" classname="com.mygdx.game.screens.game.RoomsGameCameraManagerTest" time="0.0"/>
  <testcase name="focusableCentered" classname="com.mygdx.game.screens.game.RoomsGameCameraManagerTest" time="0.0"/>
  <system-out><![CDATA[]]></system-out>
  <system-err><![CDATA[]]></system-err>
</testsuite>
